<?xml version="1.0" encoding="UTF-8"?>
<!-- Generated by org.testng.reporters.JUnitXMLReporter -->
<testsuite ignored="0" hostname="DESKTOP-QORIL8E" failures="0" tests="3" name="Default test" time="0.095" errors="0" timestamp="2023-05-17T06:56:25 IST">
  <testcase classname="demo.ttestng.Testdemo" name="test1" time="0.013"/>
  <testcase classname="demo.ttestng.Testdemo" name="test2" time="0.005"/>
  <testcase classname="demo.ttestng.Testdemo" name="test3" time="0.005"/>
</testsuite> <!-- Default test -->
